c:\users\どら焼き\desktop\アジアンタム\aziantam\aziantamproject\debug\vc142.pdb
c:\users\どら焼き\desktop\アジアンタム\aziantam\aziantamproject\debug\vc142.idb
c:\users\どら焼き\desktop\アジアンタム\aziantam\aziantamproject\debug\title.obj
c:\users\どら焼き\desktop\アジアンタム\aziantam\aziantamproject\debug\stage.obj
c:\users\どら焼き\desktop\アジアンタム\aziantam\aziantamproject\debug\shot.obj
c:\users\どら焼き\desktop\アジアンタム\aziantam\aziantamproject\debug\player.obj
c:\users\どら焼き\desktop\アジアンタム\aziantam\aziantamproject\debug\onistage.obj
c:\users\どら焼き\desktop\アジアンタム\aziantam\aziantamproject\debug\main.obj
c:\users\どら焼き\desktop\アジアンタム\aziantam\aziantamproject\debug\keycheck.obj
c:\users\どら焼き\desktop\アジアンタム\aziantam\aziantamproject\debug\item.obj
c:\users\どら焼き\desktop\アジアンタム\aziantam\aziantamproject\debug\enemy.obj
c:\users\どら焼き\desktop\アジアンタム\aziantam\aziantamproject\debug\effect.obj
d:\users\1916004\desktop\aziantam\aziantamproject\debug\vc142.pdb
d:\users\1916004\desktop\aziantam\aziantamproject\debug\vc142.idb
d:\users\1916004\desktop\aziantam\aziantamproject\debug\title.obj
d:\users\1916004\desktop\aziantam\aziantamproject\debug\stage.obj
d:\users\1916004\desktop\aziantam\aziantamproject\debug\shot.obj
d:\users\1916004\desktop\aziantam\aziantamproject\debug\player.obj
d:\users\1916004\desktop\aziantam\aziantamproject\debug\onistage.obj
d:\users\1916004\desktop\aziantam\aziantamproject\debug\main.obj
d:\users\1916004\desktop\aziantam\aziantamproject\debug\keycheck.obj
d:\users\1916004\desktop\aziantam\aziantamproject\debug\item.obj
d:\users\1916004\desktop\aziantam\aziantamproject\debug\enemy.obj
d:\users\1916004\desktop\aziantam\aziantamproject\debug\effect.obj
c:\users\どら焼き\desktop\アジアンタム\aziantam\aziantamproject\debug\baseproject.exe
c:\users\どら焼き\desktop\アジアンタム\aziantam\aziantamproject\debug\baseproject.ilk
c:\users\どら焼き\desktop\アジアンタム\aziantam\aziantamproject\debug\baseproject.pdb
d:\users\1916004\desktop\aziantam\aziantamproject\debug\baseproject.ilk
d:\users\1916004\desktop\aziantam\aziantamproject\debug\baseproject.exe
d:\users\1916004\desktop\aziantam\aziantamproject\debug\baseproject.pdb
d:\users\1916004\desktop\aziantam\aziantamproject\debug\baseproject.tlog\cl.command.1.tlog
d:\users\1916004\desktop\aziantam\aziantamproject\debug\baseproject.tlog\cl.read.1.tlog
d:\users\1916004\desktop\aziantam\aziantamproject\debug\baseproject.tlog\cl.write.1.tlog
d:\users\1916004\desktop\aziantam\aziantamproject\debug\baseproject.tlog\link.command.1.tlog
d:\users\1916004\desktop\aziantam\aziantamproject\debug\baseproject.tlog\link.read.1.tlog
d:\users\1916004\desktop\aziantam\aziantamproject\debug\baseproject.tlog\link.write.1.tlog
