d:\users\1916004\desktop\school\aziantam\debug\vc142.pdb
d:\users\1916004\desktop\school\aziantam\debug\vc142.idb
d:\users\1916004\desktop\school\aziantam\debug\title.obj
d:\users\1916004\desktop\school\aziantam\debug\stage.obj
d:\users\1916004\desktop\school\aziantam\debug\shot.obj
d:\users\1916004\desktop\school\aziantam\debug\player.obj
d:\users\1916004\desktop\school\aziantam\debug\mark.obj
d:\users\1916004\desktop\school\aziantam\debug\keycheck.obj
d:\users\1916004\desktop\school\aziantam\debug\item.obj
d:\users\1916004\desktop\school\aziantam\debug\enemyboss.obj
d:\users\1916004\desktop\school\aziantam\debug\enemy.obj
d:\users\1916004\desktop\school\aziantam\debug\effect.obj
d:\users\1916004\desktop\school\aziantam\debug\main.obj
d:\users\1916004\desktop\school\aziantam\debug\baseproject.exe
d:\users\1916004\desktop\school\aziantam\debug\baseproject.ilk
d:\users\1916004\desktop\school\aziantam\debug\baseproject.pdb
d:\users\1916004\desktop\school\aziantam\debug\baseproject.tlog\cl.command.1.tlog
d:\users\1916004\desktop\school\aziantam\debug\baseproject.tlog\cl.read.1.tlog
d:\users\1916004\desktop\school\aziantam\debug\baseproject.tlog\cl.write.1.tlog
d:\users\1916004\desktop\school\aziantam\debug\baseproject.tlog\link.command.1.tlog
d:\users\1916004\desktop\school\aziantam\debug\baseproject.tlog\link.read.1.tlog
d:\users\1916004\desktop\school\aziantam\debug\baseproject.tlog\link.write.1.tlog
