  effect.cpp
D:\Users\1916004\Desktop\aziantam\aziantam\stage.h(1,1): warning C4819: ファイルは、現在のコード ページ (932) で表示できない文字を含んでいます。データの損失を防ぐために、ファイルを Unicode 形式で保存してください。
  enemy.cpp
D:\Users\1916004\Desktop\aziantam\aziantam\stage.h(1,1): warning C4819: ファイルは、現在のコード ページ (932) で表示できない文字を含んでいます。データの損失を防ぐために、ファイルを Unicode 形式で保存してください。
  item.cpp
D:\Users\1916004\Desktop\aziantam\aziantam\stage.h(1,1): warning C4819: ファイルは、現在のコード ページ (932) で表示できない文字を含んでいます。データの損失を防ぐために、ファイルを Unicode 形式で保存してください。
  keycheck.cpp
  main.cpp
D:\Users\1916004\Desktop\aziantam\aziantam\stage.h(1,1): warning C4819: ファイルは、現在のコード ページ (932) で表示できない文字を含んでいます。データの損失を防ぐために、ファイルを Unicode 形式で保存してください。
  mark.cpp
D:\Users\1916004\Desktop\aziantam\aziantam\stage.h(1,1): warning C4819: ファイルは、現在のコード ページ (932) で表示できない文字を含んでいます。データの損失を防ぐために、ファイルを Unicode 形式で保存してください。
  player.cpp
D:\Users\1916004\Desktop\aziantam\aziantam\stage.h(1,1): warning C4819: ファイルは、現在のコード ページ (932) で表示できない文字を含んでいます。データの損失を防ぐために、ファイルを Unicode 形式で保存してください。
  shot.cpp
D:\Users\1916004\Desktop\aziantam\aziantam\stage.h(1,1): warning C4819: ファイルは、現在のコード ページ (932) で表示できない文字を含んでいます。データの損失を防ぐために、ファイルを Unicode 形式で保存してください。
  stage.cpp
D:\Users\1916004\Desktop\aziantam\aziantam\stage.cpp(1,1): warning C4819: ファイルは、現在のコード ページ (932) で表示できない文字を含んでいます。データの損失を防ぐために、ファイルを Unicode 形式で保存してください。
D:\Users\1916004\Desktop\aziantam\aziantam\stage.h(1,1): warning C4819: ファイルは、現在のコード ページ (932) で表示できない文字を含んでいます。データの損失を防ぐために、ファイルを Unicode 形式で保存してください。
D:\Users\1916004\Desktop\aziantam\aziantam\stage.cpp(557,1): warning C4819: ファイルは、現在のコード ページ (932) で表示できない文字を含んでいます。データの損失を防ぐために、ファイルを Unicode 形式で保存してください。
  title.cpp
  コードを生成中...
D:\Users\1916004\Desktop\aziantam\aziantam\item.cpp : fatal error C1090: PDB API の呼び出しに失敗しました。エラー コード '3': D:\Users\1916004\Desktop\aziantam\aziantam\Debug\vc142.pdb
